<?xml version="1.0" encoding="UTF-8"?>
<!-- Generated by org.testng.reporters.JUnitReportReporter -->
<testsuite skipped="0" hostname="LAPTOP-0Q9B2C7H" name="com.demo.testcases.LoginTest" tests="1" failures="0" timestamp="2020-08-05T22:22:45 IST" time="23.874" errors="0">
  <testcase name="clickonLogin" time="23.874" classname="com.demo.testcases.LoginTest"/>
  <system-out/>
</testsuite> <!-- com.demo.testcases.LoginTest -->
