<?xml version="1.0" encoding="UTF-8"?>
<!-- Generated by org.testng.reporters.JUnitReportReporter -->
<testsuite skipped="0" hostname="LAPTOP-0Q9B2C7H" name="com.demo.testcases.BeforeLoginTest" tests="3" failures="0" timestamp="2020-08-05T22:22:45 IST" time="41.851" errors="0">
  <testcase name="GetTitle" time="13.069" classname="com.demo.testcases.BeforeLoginTest"/>
  <system-out/>
  <testcase name="verifyouterTax1099Logo" time="13.352" classname="com.demo.testcases.BeforeLoginTest"/>
  <system-out/>
  <testcase name="verifyTitle" time="15.430" classname="com.demo.testcases.BeforeLoginTest"/>
  <system-out/>
</testsuite> <!-- com.demo.testcases.BeforeLoginTest -->
