<?xml version="1.0" encoding="UTF-8"?>
<!-- Generated by org.testng.reporters.JUnitReportReporter -->
<testsuite skipped="0" hostname="LAPTOP-0Q9B2C7H" name="com.demo.testcases.BeforeLoginTest" tests="1" failures="0" timestamp="2020-08-03T23:59:35 IST" time="13.818" errors="0">
  <testcase name="verifyTitle" time="13.818" classname="com.demo.testcases.BeforeLoginTest"/>
  <system-out/>
</testsuite> <!-- com.demo.testcases.BeforeLoginTest -->
