<?xml version="1.0" encoding="UTF-8"?>
<!-- Generated by org.testng.reporters.JUnitReportReporter -->
<testsuite skipped="1" hostname="LAPTOP-0Q9B2C7H" name="com.demo.testcases.LoginTest" tests="1" failures="0" timestamp="2020-08-04T10:23:17 IST" time="0.000" errors="0">
  <testcase name="clickonLogin" time="0.000" classname="com.demo.testcases.LoginTest">
    <skipped/>
  </testcase> <!-- clickonLogin -->
  <system-out/>
</testsuite> <!-- com.demo.testcases.LoginTest -->
